{"C:\\Users\\Admin\\Documents\\CLONEDOCS\\bida\\Todo-List\\src\\project.js": {"path":"C:\\Users\\Admin\\Documents\\CLONEDOCS\\bida\\Todo-List\\src\\project.js","statementMap":{"0":{"start":{"line":2,"column":20},"end":{"line":2,"column":22}},"1":{"start":{"line":5,"column":4},"end":{"line":5,"column":23}},"2":{"start":{"line":6,"column":4},"end":{"line":6,"column":22}},"3":{"start":{"line":7,"column":4},"end":{"line":7,"column":41}},"4":{"start":{"line":8,"column":4},"end":{"line":8,"column":32}},"5":{"start":{"line":12,"column":4},"end":{"line":16,"column":5}},"6":{"start":{"line":13,"column":6},"end":{"line":13,"column":61}},"7":{"start":{"line":15,"column":6},"end":{"line":15,"column":26}},"8":{"start":{"line":20,"column":4},"end":{"line":20,"column":28}}},"fnMap":{"0":{"name":"(anonymous_0)","decl":{"start":{"line":4,"column":2},"end":{"line":4,"column":3}},"loc":{"start":{"line":4,"column":21},"end":{"line":9,"column":3}},"line":4},"1":{"name":"(anonymous_1)","decl":{"start":{"line":11,"column":2},"end":{"line":11,"column":3}},"loc":{"start":{"line":11,"column":22},"end":{"line":17,"column":3}},"line":11},"2":{"name":"(anonymous_2)","decl":{"start":{"line":19,"column":2},"end":{"line":19,"column":3}},"loc":{"start":{"line":19,"column":16},"end":{"line":21,"column":3}},"line":19}},"branchMap":{"0":{"loc":{"start":{"line":12,"column":4},"end":{"line":16,"column":5}},"type":"if","locations":[{"start":{"line":12,"column":4},"end":{"line":16,"column":5}},{"start":{"line":12,"column":4},"end":{"line":16,"column":5}}],"line":12}},"s":{"0":2,"1":2,"2":2,"3":2,"4":2,"5":2,"6":1,"7":1,"8":3},"f":{"0":2,"1":2,"2":3},"b":{"0":[1,1]},"_coverageSchema":"1a1c01bbd47fc00a2c39e90264f33305004495a9","hash":"45c98d8e56b4f1e71cc1dcb082bf5e6bff83944f"}
,"C:\\Users\\Admin\\Documents\\CLONEDOCS\\bida\\Todo-List\\src\\todo.js": {"path":"C:\\Users\\Admin\\Documents\\CLONEDOCS\\bida\\Todo-List\\src\\todo.js","statementMap":{"0":{"start":{"line":5,"column":20},"end":{"line":5,"column":22}},"1":{"start":{"line":7,"column":24},"end":{"line":7,"column":49}},"2":{"start":{"line":10,"column":4},"end":{"line":10,"column":23}},"3":{"start":{"line":11,"column":4},"end":{"line":11,"column":35}},"4":{"start":{"line":12,"column":4},"end":{"line":12,"column":27}},"5":{"start":{"line":13,"column":4},"end":{"line":13,"column":29}},"6":{"start":{"line":14,"column":4},"end":{"line":14,"column":27}},"7":{"start":{"line":15,"column":4},"end":{"line":15,"column":38}},"8":{"start":{"line":16,"column":4},"end":{"line":16,"column":22}},"9":{"start":{"line":17,"column":4},"end":{"line":17,"column":31}},"10":{"start":{"line":18,"column":4},"end":{"line":18,"column":29}},"11":{"start":{"line":22,"column":4},"end":{"line":22,"column":39}},"12":{"start":{"line":26,"column":4},"end":{"line":26,"column":24}},"13":{"start":{"line":30,"column":4},"end":{"line":30,"column":31}},"14":{"start":{"line":34,"column":18},"end":{"line":34,"column":34}},"15":{"start":{"line":35,"column":16},"end":{"line":35,"column":18}},"16":{"start":{"line":36,"column":4},"end":{"line":38,"column":5}},"17":{"start":{"line":36,"column":17},"end":{"line":36,"column":18}},"18":{"start":{"line":37,"column":6},"end":{"line":37,"column":25}},"19":{"start":{"line":39,"column":4},"end":{"line":39,"column":42}},"20":{"start":{"line":40,"column":4},"end":{"line":40,"column":47}},"21":{"start":{"line":41,"column":4},"end":{"line":41,"column":15}},"22":{"start":{"line":45,"column":16},"end":{"line":45,"column":39}},"23":{"start":{"line":46,"column":17},"end":{"line":46,"column":34}},"24":{"start":{"line":47,"column":4},"end":{"line":49,"column":5}},"25":{"start":{"line":47,"column":17},"end":{"line":47,"column":18}},"26":{"start":{"line":48,"column":6},"end":{"line":48,"column":39}},"27":{"start":{"line":50,"column":4},"end":{"line":50,"column":31}}},"fnMap":{"0":{"name":"(anonymous_0)","decl":{"start":{"line":9,"column":2},"end":{"line":9,"column":3}},"loc":{"start":{"line":9,"column":62},"end":{"line":19,"column":3}},"line":9},"1":{"name":"(anonymous_1)","decl":{"start":{"line":21,"column":2},"end":{"line":21,"column":3}},"loc":{"start":{"line":21,"column":19},"end":{"line":23,"column":3}},"line":21},"2":{"name":"(anonymous_2)","decl":{"start":{"line":25,"column":2},"end":{"line":25,"column":3}},"loc":{"start":{"line":25,"column":27},"end":{"line":27,"column":3}},"line":25},"3":{"name":"(anonymous_3)","decl":{"start":{"line":29,"column":2},"end":{"line":29,"column":3}},"loc":{"start":{"line":29,"column":14},"end":{"line":31,"column":3}},"line":29},"4":{"name":"(anonymous_4)","decl":{"start":{"line":33,"column":2},"end":{"line":33,"column":3}},"loc":{"start":{"line":33,"column":16},"end":{"line":42,"column":3}},"line":33},"5":{"name":"(anonymous_5)","decl":{"start":{"line":44,"column":2},"end":{"line":44,"column":3}},"loc":{"start":{"line":44,"column":13},"end":{"line":51,"column":3}},"line":44}},"branchMap":{},"s":{"0":1,"1":1,"2":2,"3":2,"4":2,"5":2,"6":2,"7":2,"8":2,"9":2,"10":2,"11":3,"12":3,"13":1,"14":0,"15":0,"16":0,"17":0,"18":0,"19":0,"20":0,"21":0,"22":1,"23":1,"24":1,"25":1,"26":0,"27":1},"f":{"0":2,"1":3,"2":3,"3":1,"4":0,"5":1},"b":{},"_coverageSchema":"1a1c01bbd47fc00a2c39e90264f33305004495a9","hash":"538c0ffbf0034db1b9c0b9b738344c9da200142b"}
,"C:\\Users\\Admin\\Documents\\CLONEDOCS\\bida\\Todo-List\\src\\utility.js": {"path":"C:\\Users\\Admin\\Documents\\CLONEDOCS\\bida\\Todo-List\\src\\utility.js","statementMap":{"0":{"start":{"line":1,"column":21},"end":{"line":1,"column":55}},"1":{"start":{"line":2,"column":25},"end":{"line":2,"column":63}},"2":{"start":{"line":4,"column":26},"end":{"line":6,"column":1}},"3":{"start":{"line":5,"column":2},"end":{"line":5,"column":35}},"4":{"start":{"line":8,"column":23},"end":{"line":8,"column":90}},"5":{"start":{"line":8,"column":40},"end":{"line":8,"column":90}},"6":{"start":{"line":10,"column":19},"end":{"line":14,"column":1}},"7":{"start":{"line":11,"column":2},"end":{"line":13,"column":3}},"8":{"start":{"line":12,"column":4},"end":{"line":12,"column":20}},"9":{"start":{"line":16,"column":25},"end":{"line":19,"column":1}},"10":{"start":{"line":17,"column":21},"end":{"line":17,"column":37}},"11":{"start":{"line":18,"column":2},"end":{"line":18,"column":47}},"12":{"start":{"line":18,"column":29},"end":{"line":18,"column":45}},"13":{"start":{"line":21,"column":24},"end":{"line":21,"column":69}},"14":{"start":{"line":21,"column":30},"end":{"line":21,"column":69}},"15":{"start":{"line":23,"column":28},"end":{"line":26,"column":1}},"16":{"start":{"line":24,"column":23},"end":{"line":24,"column":40}},"17":{"start":{"line":25,"column":2},"end":{"line":25,"column":26}},"18":{"start":{"line":28,"column":19},"end":{"line":35,"column":1}},"19":{"start":{"line":29,"column":21},"end":{"line":29,"column":41}},"20":{"start":{"line":30,"column":14},"end":{"line":30,"column":16}},"21":{"start":{"line":31,"column":2},"end":{"line":33,"column":5}},"22":{"start":{"line":32,"column":4},"end":{"line":32,"column":25}},"23":{"start":{"line":34,"column":2},"end":{"line":34,"column":13}},"24":{"start":{"line":37,"column":21},"end":{"line":46,"column":1}},"25":{"start":{"line":38,"column":2},"end":{"line":45,"column":5}},"26":{"start":{"line":39,"column":19},"end":{"line":39,"column":51}},"27":{"start":{"line":40,"column":4},"end":{"line":40,"column":39}},"28":{"start":{"line":41,"column":4},"end":{"line":41,"column":25}},"29":{"start":{"line":42,"column":24},"end":{"line":42,"column":46}},"30":{"start":{"line":43,"column":4},"end":{"line":43,"column":37}},"31":{"start":{"line":44,"column":4},"end":{"line":44,"column":46}},"32":{"start":{"line":48,"column":25},"end":{"line":55,"column":1}},"33":{"start":{"line":49,"column":17},"end":{"line":49,"column":49}},"34":{"start":{"line":50,"column":2},"end":{"line":50,"column":37}},"35":{"start":{"line":51,"column":2},"end":{"line":51,"column":31}},"36":{"start":{"line":52,"column":22},"end":{"line":52,"column":44}},"37":{"start":{"line":53,"column":2},"end":{"line":53,"column":35}},"38":{"start":{"line":54,"column":2},"end":{"line":54,"column":44}},"39":{"start":{"line":57,"column":21},"end":{"line":60,"column":1}},"40":{"start":{"line":58,"column":23},"end":{"line":58,"column":62}},"41":{"start":{"line":59,"column":2},"end":{"line":59,"column":28}},"42":{"start":{"line":62,"column":23},"end":{"line":68,"column":1}},"43":{"start":{"line":63,"column":16},"end":{"line":63,"column":88}},"44":{"start":{"line":64,"column":2},"end":{"line":64,"column":39}},"45":{"start":{"line":65,"column":2},"end":{"line":65,"column":35}},"46":{"start":{"line":66,"column":2},"end":{"line":66,"column":42}},"47":{"start":{"line":67,"column":2},"end":{"line":67,"column":44}},"48":{"start":{"line":70,"column":19},"end":{"line":77,"column":1}},"49":{"start":{"line":71,"column":16},"end":{"line":71,"column":72}},"50":{"start":{"line":72,"column":2},"end":{"line":76,"column":3}},"51":{"start":{"line":73,"column":4},"end":{"line":73,"column":21}},"52":{"start":{"line":75,"column":4},"end":{"line":75,"column":22}},"53":{"start":{"line":79,"column":23},"end":{"line":90,"column":1}},"54":{"start":{"line":80,"column":13},"end":{"line":80,"column":41}},"55":{"start":{"line":81,"column":16},"end":{"line":81,"column":47}},"56":{"start":{"line":82,"column":2},"end":{"line":82,"column":39}},"57":{"start":{"line":83,"column":2},"end":{"line":83,"column":41}},"58":{"start":{"line":84,"column":2},"end":{"line":84,"column":36}},"59":{"start":{"line":85,"column":2},"end":{"line":87,"column":5}},"60":{"start":{"line":86,"column":4},"end":{"line":86,"column":21}},"61":{"start":{"line":88,"column":2},"end":{"line":88,"column":24}},"62":{"start":{"line":89,"column":2},"end":{"line":89,"column":12}},"63":{"start":{"line":92,"column":17},"end":{"line":95,"column":1}},"64":{"start":{"line":93,"column":15},"end":{"line":93,"column":60}},"65":{"start":{"line":94,"column":2},"end":{"line":94,"column":14}},"66":{"start":{"line":97,"column":19},"end":{"line":99,"column":1}},"67":{"start":{"line":98,"column":2},"end":{"line":98,"column":65}},"68":{"start":{"line":101,"column":25},"end":{"line":108,"column":1}},"69":{"start":{"line":102,"column":21},"end":{"line":102,"column":67}},"70":{"start":{"line":103,"column":2},"end":{"line":106,"column":3}},"71":{"start":{"line":103,"column":15},"end":{"line":103,"column":16}},"72":{"start":{"line":104,"column":20},"end":{"line":104,"column":33}},"73":{"start":{"line":105,"column":4},"end":{"line":105,"column":40}},"74":{"start":{"line":107,"column":2},"end":{"line":107,"column":20}},"75":{"start":{"line":110,"column":21},"end":{"line":117,"column":1}},"76":{"start":{"line":111,"column":2},"end":{"line":116,"column":5}},"77":{"start":{"line":112,"column":4},"end":{"line":112,"column":27}},"78":{"start":{"line":113,"column":25},"end":{"line":113,"column":64}},"79":{"start":{"line":114,"column":4},"end":{"line":114,"column":39}},"80":{"start":{"line":115,"column":4},"end":{"line":115,"column":36}},"81":{"start":{"line":119,"column":23},"end":{"line":125,"column":1}},"82":{"start":{"line":120,"column":2},"end":{"line":124,"column":5}},"83":{"start":{"line":121,"column":4},"end":{"line":121,"column":34}},"84":{"start":{"line":122,"column":4},"end":{"line":122,"column":42}},"85":{"start":{"line":123,"column":4},"end":{"line":123,"column":35}},"86":{"start":{"line":127,"column":21},"end":{"line":139,"column":1}},"87":{"start":{"line":128,"column":17},"end":{"line":128,"column":49}},"88":{"start":{"line":129,"column":2},"end":{"line":129,"column":66}},"89":{"start":{"line":130,"column":2},"end":{"line":130,"column":39}},"90":{"start":{"line":131,"column":2},"end":{"line":131,"column":33}},"91":{"start":{"line":132,"column":2},"end":{"line":132,"column":42}},"92":{"start":{"line":133,"column":2},"end":{"line":137,"column":3}},"93":{"start":{"line":134,"column":4},"end":{"line":134,"column":31}},"94":{"start":{"line":136,"column":4},"end":{"line":136,"column":44}},"95":{"start":{"line":138,"column":2},"end":{"line":138,"column":16}},"96":{"start":{"line":141,"column":17},"end":{"line":159,"column":1}},"97":{"start":{"line":142,"column":14},"end":{"line":142,"column":32}},"98":{"start":{"line":144,"column":13},"end":{"line":144,"column":41}},"99":{"start":{"line":145,"column":2},"end":{"line":149,"column":3}},"100":{"start":{"line":145,"column":15},"end":{"line":145,"column":16}},"101":{"start":{"line":146,"column":15},"end":{"line":146,"column":43}},"102":{"start":{"line":147,"column":4},"end":{"line":147,"column":28}},"103":{"start":{"line":148,"column":4},"end":{"line":148,"column":23}},"104":{"start":{"line":150,"column":21},"end":{"line":150,"column":66}},"105":{"start":{"line":151,"column":23},"end":{"line":151,"column":72}},"106":{"start":{"line":152,"column":13},"end":{"line":152,"column":41}},"107":{"start":{"line":153,"column":2},"end":{"line":153,"column":39}},"108":{"start":{"line":154,"column":2},"end":{"line":154,"column":29}},"109":{"start":{"line":155,"column":2},"end":{"line":155,"column":31}},"110":{"start":{"line":156,"column":2},"end":{"line":156,"column":21}},"111":{"start":{"line":157,"column":2},"end":{"line":157,"column":29}},"112":{"start":{"line":158,"column":2},"end":{"line":158,"column":12}},"113":{"start":{"line":161,"column":25},"end":{"line":166,"column":1}},"114":{"start":{"line":162,"column":20},"end":{"line":162,"column":56}},"115":{"start":{"line":163,"column":2},"end":{"line":165,"column":5}},"116":{"start":{"line":164,"column":4},"end":{"line":164,"column":53}},"117":{"start":{"line":168,"column":20},"end":{"line":171,"column":1}},"118":{"start":{"line":169,"column":20},"end":{"line":169,"column":56}},"119":{"start":{"line":170,"column":2},"end":{"line":170,"column":51}},"120":{"start":{"line":173,"column":23},"end":{"line":181,"column":1}},"121":{"start":{"line":174,"column":19},"end":{"line":174,"column":72}},"122":{"start":{"line":175,"column":14},"end":{"line":175,"column":33}},"123":{"start":{"line":176,"column":21},"end":{"line":176,"column":39}},"124":{"start":{"line":177,"column":2},"end":{"line":180,"column":3}},"125":{"start":{"line":177,"column":15},"end":{"line":177,"column":16}},"126":{"start":{"line":178,"column":20},"end":{"line":178,"column":26}},"127":{"start":{"line":179,"column":4},"end":{"line":179,"column":40}},"128":{"start":{"line":183,"column":25},"end":{"line":197,"column":1}},"129":{"start":{"line":184,"column":13},"end":{"line":184,"column":77}},"130":{"start":{"line":185,"column":18},"end":{"line":185,"column":82}},"131":{"start":{"line":186,"column":2},"end":{"line":188,"column":3}},"132":{"start":{"line":187,"column":4},"end":{"line":187,"column":21}},"133":{"start":{"line":189,"column":13},"end":{"line":189,"column":41}},"134":{"start":{"line":190,"column":2},"end":{"line":190,"column":39}},"135":{"start":{"line":191,"column":2},"end":{"line":195,"column":5}},"136":{"start":{"line":192,"column":15},"end":{"line":192,"column":43}},"137":{"start":{"line":193,"column":4},"end":{"line":193,"column":60}},"138":{"start":{"line":194,"column":4},"end":{"line":194,"column":23}},"139":{"start":{"line":196,"column":2},"end":{"line":196,"column":31}},"140":{"start":{"line":199,"column":24},"end":{"line":210,"column":1}},"141":{"start":{"line":200,"column":13},"end":{"line":200,"column":41}},"142":{"start":{"line":201,"column":17},"end":{"line":201,"column":49}},"143":{"start":{"line":202,"column":2},"end":{"line":202,"column":43}},"144":{"start":{"line":203,"column":2},"end":{"line":203,"column":54}},"145":{"start":{"line":204,"column":2},"end":{"line":204,"column":36}},"146":{"start":{"line":205,"column":2},"end":{"line":207,"column":5}},"147":{"start":{"line":206,"column":4},"end":{"line":206,"column":30}},"148":{"start":{"line":208,"column":2},"end":{"line":208,"column":25}},"149":{"start":{"line":209,"column":2},"end":{"line":209,"column":12}},"150":{"start":{"line":212,"column":20},"end":{"line":223,"column":1}},"151":{"start":{"line":213,"column":13},"end":{"line":213,"column":41}},"152":{"start":{"line":214,"column":2},"end":{"line":214,"column":39}},"153":{"start":{"line":215,"column":13},"end":{"line":215,"column":41}},"154":{"start":{"line":216,"column":18},"end":{"line":216,"column":46}},"155":{"start":{"line":217,"column":2},"end":{"line":217,"column":33}},"156":{"start":{"line":218,"column":17},"end":{"line":218,"column":41}},"157":{"start":{"line":219,"column":2},"end":{"line":219,"column":21}},"158":{"start":{"line":220,"column":2},"end":{"line":220,"column":25}},"159":{"start":{"line":221,"column":2},"end":{"line":221,"column":26}},"160":{"start":{"line":222,"column":2},"end":{"line":222,"column":12}},"161":{"start":{"line":225,"column":21},"end":{"line":230,"column":1}},"162":{"start":{"line":226,"column":16},"end":{"line":226,"column":56}},"163":{"start":{"line":227,"column":2},"end":{"line":229,"column":5}},"164":{"start":{"line":228,"column":4},"end":{"line":228,"column":44}},"165":{"start":{"line":232,"column":23},"end":{"line":235,"column":1}},"166":{"start":{"line":233,"column":16},"end":{"line":233,"column":56}},"167":{"start":{"line":234,"column":2},"end":{"line":234,"column":42}}},"fnMap":{"0":{"name":"(anonymous_0)","decl":{"start":{"line":4,"column":26},"end":{"line":4,"column":27}},"loc":{"start":{"line":4,"column":39},"end":{"line":6,"column":1}},"line":4},"1":{"name":"(anonymous_1)","decl":{"start":{"line":8,"column":23},"end":{"line":8,"column":24}},"loc":{"start":{"line":8,"column":40},"end":{"line":8,"column":90}},"line":8},"2":{"name":"(anonymous_2)","decl":{"start":{"line":10,"column":19},"end":{"line":10,"column":20}},"loc":{"start":{"line":10,"column":29},"end":{"line":14,"column":1}},"line":10},"3":{"name":"(anonymous_3)","decl":{"start":{"line":16,"column":25},"end":{"line":16,"column":26}},"loc":{"start":{"line":16,"column":31},"end":{"line":19,"column":1}},"line":16},"4":{"name":"(anonymous_4)","decl":{"start":{"line":18,"column":21},"end":{"line":18,"column":22}},"loc":{"start":{"line":18,"column":29},"end":{"line":18,"column":45}},"line":18},"5":{"name":"(anonymous_5)","decl":{"start":{"line":21,"column":24},"end":{"line":21,"column":25}},"loc":{"start":{"line":21,"column":30},"end":{"line":21,"column":69}},"line":21},"6":{"name":"(anonymous_6)","decl":{"start":{"line":23,"column":28},"end":{"line":23,"column":29}},"loc":{"start":{"line":23,"column":34},"end":{"line":26,"column":1}},"line":23},"7":{"name":"(anonymous_7)","decl":{"start":{"line":28,"column":19},"end":{"line":28,"column":20}},"loc":{"start":{"line":28,"column":36},"end":{"line":35,"column":1}},"line":28},"8":{"name":"(anonymous_8)","decl":{"start":{"line":31,"column":21},"end":{"line":31,"column":22}},"loc":{"start":{"line":31,"column":29},"end":{"line":33,"column":3}},"line":31},"9":{"name":"(anonymous_9)","decl":{"start":{"line":37,"column":21},"end":{"line":37,"column":22}},"loc":{"start":{"line":37,"column":39},"end":{"line":46,"column":1}},"line":37},"10":{"name":"(anonymous_10)","decl":{"start":{"line":38,"column":32},"end":{"line":38,"column":33}},"loc":{"start":{"line":38,"column":52},"end":{"line":45,"column":3}},"line":38},"11":{"name":"(anonymous_11)","decl":{"start":{"line":48,"column":25},"end":{"line":48,"column":26}},"loc":{"start":{"line":48,"column":38},"end":{"line":55,"column":1}},"line":48},"12":{"name":"(anonymous_12)","decl":{"start":{"line":57,"column":21},"end":{"line":57,"column":22}},"loc":{"start":{"line":57,"column":27},"end":{"line":60,"column":1}},"line":57},"13":{"name":"(anonymous_13)","decl":{"start":{"line":62,"column":23},"end":{"line":62,"column":24}},"loc":{"start":{"line":62,"column":39},"end":{"line":68,"column":1}},"line":62},"14":{"name":"(anonymous_14)","decl":{"start":{"line":70,"column":19},"end":{"line":70,"column":20}},"loc":{"start":{"line":70,"column":29},"end":{"line":77,"column":1}},"line":70},"15":{"name":"(anonymous_15)","decl":{"start":{"line":79,"column":23},"end":{"line":79,"column":24}},"loc":{"start":{"line":79,"column":33},"end":{"line":90,"column":1}},"line":79},"16":{"name":"(anonymous_16)","decl":{"start":{"line":85,"column":35},"end":{"line":85,"column":36}},"loc":{"start":{"line":85,"column":41},"end":{"line":87,"column":3}},"line":85},"17":{"name":"(anonymous_17)","decl":{"start":{"line":92,"column":17},"end":{"line":92,"column":18}},"loc":{"start":{"line":92,"column":25},"end":{"line":95,"column":1}},"line":92},"18":{"name":"(anonymous_18)","decl":{"start":{"line":97,"column":19},"end":{"line":97,"column":20}},"loc":{"start":{"line":97,"column":40},"end":{"line":99,"column":1}},"line":97},"19":{"name":"(anonymous_19)","decl":{"start":{"line":101,"column":25},"end":{"line":101,"column":26}},"loc":{"start":{"line":101,"column":35},"end":{"line":108,"column":1}},"line":101},"20":{"name":"(anonymous_20)","decl":{"start":{"line":110,"column":21},"end":{"line":110,"column":22}},"loc":{"start":{"line":110,"column":39},"end":{"line":117,"column":1}},"line":110},"21":{"name":"(anonymous_21)","decl":{"start":{"line":111,"column":35},"end":{"line":111,"column":36}},"loc":{"start":{"line":111,"column":41},"end":{"line":116,"column":3}},"line":111},"22":{"name":"(anonymous_22)","decl":{"start":{"line":119,"column":23},"end":{"line":119,"column":24}},"loc":{"start":{"line":119,"column":52},"end":{"line":125,"column":1}},"line":119},"23":{"name":"(anonymous_23)","decl":{"start":{"line":120,"column":35},"end":{"line":120,"column":36}},"loc":{"start":{"line":120,"column":41},"end":{"line":124,"column":3}},"line":120},"24":{"name":"(anonymous_24)","decl":{"start":{"line":127,"column":21},"end":{"line":127,"column":22}},"loc":{"start":{"line":127,"column":55},"end":{"line":139,"column":1}},"line":127},"25":{"name":"(anonymous_25)","decl":{"start":{"line":141,"column":17},"end":{"line":141,"column":18}},"loc":{"start":{"line":141,"column":38},"end":{"line":159,"column":1}},"line":141},"26":{"name":"(anonymous_26)","decl":{"start":{"line":161,"column":25},"end":{"line":161,"column":26}},"loc":{"start":{"line":161,"column":40},"end":{"line":166,"column":1}},"line":161},"27":{"name":"(anonymous_27)","decl":{"start":{"line":163,"column":29},"end":{"line":163,"column":30}},"loc":{"start":{"line":163,"column":37},"end":{"line":165,"column":3}},"line":163},"28":{"name":"(anonymous_28)","decl":{"start":{"line":168,"column":20},"end":{"line":168,"column":21}},"loc":{"start":{"line":168,"column":41},"end":{"line":171,"column":1}},"line":168},"29":{"name":"(anonymous_29)","decl":{"start":{"line":173,"column":23},"end":{"line":173,"column":24}},"loc":{"start":{"line":173,"column":33},"end":{"line":181,"column":1}},"line":173},"30":{"name":"(anonymous_30)","decl":{"start":{"line":183,"column":25},"end":{"line":183,"column":26}},"loc":{"start":{"line":183,"column":38},"end":{"line":197,"column":1}},"line":183},"31":{"name":"(anonymous_31)","decl":{"start":{"line":191,"column":26},"end":{"line":191,"column":27}},"loc":{"start":{"line":191,"column":34},"end":{"line":195,"column":3}},"line":191},"32":{"name":"(anonymous_32)","decl":{"start":{"line":199,"column":24},"end":{"line":199,"column":25}},"loc":{"start":{"line":199,"column":37},"end":{"line":210,"column":1}},"line":199},"33":{"name":"(anonymous_33)","decl":{"start":{"line":205,"column":35},"end":{"line":205,"column":36}},"loc":{"start":{"line":205,"column":41},"end":{"line":207,"column":3}},"line":205},"34":{"name":"(anonymous_34)","decl":{"start":{"line":212,"column":20},"end":{"line":212,"column":21}},"loc":{"start":{"line":212,"column":33},"end":{"line":223,"column":1}},"line":212},"35":{"name":"(anonymous_35)","decl":{"start":{"line":225,"column":21},"end":{"line":225,"column":22}},"loc":{"start":{"line":225,"column":39},"end":{"line":230,"column":1}},"line":225},"36":{"name":"(anonymous_36)","decl":{"start":{"line":227,"column":32},"end":{"line":227,"column":33}},"loc":{"start":{"line":227,"column":45},"end":{"line":229,"column":3}},"line":227},"37":{"name":"(anonymous_37)","decl":{"start":{"line":232,"column":23},"end":{"line":232,"column":24}},"loc":{"start":{"line":232,"column":36},"end":{"line":235,"column":1}},"line":232}},"branchMap":{"0":{"loc":{"start":{"line":8,"column":24},"end":{"line":8,"column":35}},"type":"default-arg","locations":[{"start":{"line":8,"column":31},"end":{"line":8,"column":35}}],"line":8},"1":{"loc":{"start":{"line":11,"column":2},"end":{"line":13,"column":3}},"type":"if","locations":[{"start":{"line":11,"column":2},"end":{"line":13,"column":3}},{"start":{"line":11,"column":2},"end":{"line":13,"column":3}}],"line":11},"2":{"loc":{"start":{"line":28,"column":20},"end":{"line":28,"column":31}},"type":"default-arg","locations":[{"start":{"line":28,"column":27},"end":{"line":28,"column":31}}],"line":28},"3":{"loc":{"start":{"line":63,"column":16},"end":{"line":63,"column":88}},"type":"binary-expr","locations":[{"start":{"line":63,"column":16},"end":{"line":63,"column":53}},{"start":{"line":63,"column":57},"end":{"line":63,"column":88}}],"line":63},"4":{"loc":{"start":{"line":72,"column":2},"end":{"line":76,"column":3}},"type":"if","locations":[{"start":{"line":72,"column":2},"end":{"line":76,"column":3}},{"start":{"line":72,"column":2},"end":{"line":76,"column":3}}],"line":72},"5":{"loc":{"start":{"line":133,"column":2},"end":{"line":137,"column":3}},"type":"if","locations":[{"start":{"line":133,"column":2},"end":{"line":137,"column":3}},{"start":{"line":133,"column":2},"end":{"line":137,"column":3}}],"line":133},"6":{"loc":{"start":{"line":186,"column":2},"end":{"line":188,"column":3}},"type":"if","locations":[{"start":{"line":186,"column":2},"end":{"line":188,"column":3}},{"start":{"line":186,"column":2},"end":{"line":188,"column":3}}],"line":186}},"s":{"0":2,"1":2,"2":2,"3":1,"4":2,"5":1,"6":2,"7":0,"8":0,"9":2,"10":0,"11":0,"12":0,"13":2,"14":0,"15":2,"16":0,"17":0,"18":2,"19":1,"20":1,"21":1,"22":0,"23":1,"24":2,"25":0,"26":0,"27":0,"28":0,"29":0,"30":0,"31":0,"32":2,"33":0,"34":0,"35":0,"36":0,"37":0,"38":0,"39":2,"40":0,"41":0,"42":2,"43":0,"44":0,"45":0,"46":0,"47":0,"48":2,"49":0,"50":0,"51":0,"52":0,"53":2,"54":0,"55":0,"56":0,"57":0,"58":0,"59":0,"60":0,"61":0,"62":0,"63":2,"64":0,"65":0,"66":2,"67":0,"68":2,"69":0,"70":0,"71":0,"72":0,"73":0,"74":0,"75":2,"76":0,"77":0,"78":0,"79":0,"80":0,"81":2,"82":0,"83":0,"84":0,"85":0,"86":2,"87":0,"88":0,"89":0,"90":0,"91":0,"92":0,"93":0,"94":0,"95":0,"96":2,"97":0,"98":0,"99":0,"100":0,"101":0,"102":0,"103":0,"104":0,"105":0,"106":0,"107":0,"108":0,"109":0,"110":0,"111":0,"112":0,"113":2,"114":0,"115":0,"116":0,"117":2,"118":0,"119":0,"120":2,"121":1,"122":1,"123":0,"124":0,"125":0,"126":0,"127":0,"128":2,"129":0,"130":0,"131":0,"132":0,"133":0,"134":0,"135":0,"136":0,"137":0,"138":0,"139":0,"140":2,"141":0,"142":0,"143":0,"144":0,"145":0,"146":0,"147":0,"148":0,"149":0,"150":2,"151":0,"152":0,"153":0,"154":0,"155":0,"156":0,"157":0,"158":0,"159":0,"160":0,"161":2,"162":0,"163":0,"164":0,"165":2,"166":0,"167":0},"f":{"0":1,"1":1,"2":0,"3":0,"4":0,"5":0,"6":0,"7":1,"8":0,"9":0,"10":0,"11":0,"12":0,"13":0,"14":0,"15":0,"16":0,"17":0,"18":0,"19":0,"20":0,"21":0,"22":0,"23":0,"24":0,"25":0,"26":0,"27":0,"28":0,"29":1,"30":0,"31":0,"32":0,"33":0,"34":0,"35":0,"36":0,"37":0},"b":{"0":[0],"1":[0,0],"2":[0],"3":[0,0],"4":[0,0],"5":[0,0],"6":[0,0]},"_coverageSchema":"1a1c01bbd47fc00a2c39e90264f33305004495a9","hash":"e386986d0e1a01f318a75c1d02f474c0dc67cc21"}
}
